<?xml version="1.0" encoding="UTF-8"?>
<coverage generated="1733219954537" clover="3.2.0">
  <project timestamp="1733219954537" name="All files">
    <metrics statements="42" coveredstatements="33" conditionals="6" coveredconditionals="2" methods="8" coveredmethods="6" elements="56" coveredelements="41" complexity="0" loc="42" ncloc="42" packages="1" files="2" classes="2"/>
    <file name="configurations.js" path="/Users/trungnh/personal-stuff/code/chatbot-nursery/configurations.js">
      <metrics statements="4" coveredstatements="4" conditionals="0" coveredconditionals="0" methods="0" coveredmethods="0"/>
      <line num="2" count="1" type="stmt"/>
      <line num="20" count="1" type="stmt"/>
      <line num="28" count="1" type="stmt"/>
      <line num="41" count="1" type="stmt"/>
    </file>
    <file name="index.js" path="/Users/trungnh/personal-stuff/code/chatbot-nursery/index.js">
      <metrics statements="38" coveredstatements="29" conditionals="6" coveredconditionals="2" methods="8" coveredmethods="6"/>
      <line num="1" count="1" type="stmt"/>
      <line num="2" count="1" type="stmt"/>
      <line num="3" count="1" type="stmt"/>
      <line num="8" count="1" type="stmt"/>
      <line num="15" count="1" type="stmt"/>
      <line num="16" count="24" type="stmt"/>
      <line num="19" count="24" type="stmt"/>
      <line num="22" count="24" type="stmt"/>
      <line num="23" count="240" type="stmt"/>
      <line num="24" count="240" type="stmt"/>
      <line num="28" count="24" type="stmt"/>
      <line num="29" count="150" type="stmt"/>
      <line num="37" count="1" type="stmt"/>
      <line num="38" count="48" type="stmt"/>
      <line num="39" count="48" type="stmt"/>
      <line num="40" count="48" type="stmt"/>
      <line num="49" count="1" type="stmt"/>
      <line num="53" count="24" type="cond" truecount="2" falsecount="0"/>
      <line num="54" count="20" type="stmt"/>
      <line num="56" count="4" type="stmt"/>
      <line num="60" count="24" type="stmt"/>
      <line num="61" count="24" type="stmt"/>
      <line num="63" count="24" type="stmt"/>
      <line num="66" count="1" type="stmt"/>
      <line num="68" count="1" type="stmt"/>
      <line num="73" count="1" type="stmt"/>
      <line num="74" count="1" type="stmt"/>
      <line num="75" count="0" type="stmt"/>
      <line num="77" count="0" type="stmt"/>
      <line num="78" count="0" type="stmt"/>
      <line num="80" count="0" type="cond" truecount="0" falsecount="4"/>
      <line num="81" count="0" type="stmt"/>
      <line num="82" count="0" type="stmt"/>
      <line num="85" count="0" type="stmt"/>
      <line num="86" count="0" type="stmt"/>
      <line num="87" count="0" type="stmt"/>
      <line num="94" count="1" type="stmt"/>
      <line num="96" count="1" type="stmt"/>
    </file>
  </project>
</coverage>
