<?xml version="1.0" encoding="UTF-8"?>
<coverage generated="1733246786089" clover="3.2.0">
  <project timestamp="1733246786090" name="All files">
    <metrics statements="46" coveredstatements="35" conditionals="9" coveredconditionals="3" methods="8" coveredmethods="6" elements="63" coveredelements="44" complexity="0" loc="46" ncloc="46" packages="2" files="2" classes="2"/>
    <package name="config">
      <metrics statements="5" coveredstatements="5" conditionals="0" coveredconditionals="0" methods="0" coveredmethods="0"/>
      <file name="configurations.js" path="/Users/trungnh/personal-stuff/code/chatbot-nursery/config/configurations.js">
        <metrics statements="5" coveredstatements="5" conditionals="0" coveredconditionals="0" methods="0" coveredmethods="0"/>
        <line num="2" count="1" type="stmt"/>
        <line num="20" count="1" type="stmt"/>
        <line num="28" count="1" type="stmt"/>
        <line num="41" count="1" type="stmt"/>
        <line num="46" count="1" type="stmt"/>
      </file>
    </package>
    <package name="src">
      <metrics statements="41" coveredstatements="30" conditionals="9" coveredconditionals="3" methods="8" coveredmethods="6"/>
      <file name="index.js" path="/Users/trungnh/personal-stuff/code/chatbot-nursery/src/index.js">
        <metrics statements="41" coveredstatements="30" conditionals="9" coveredconditionals="3" methods="8" coveredmethods="6"/>
        <line num="1" count="1" type="stmt"/>
        <line num="2" count="1" type="stmt"/>
        <line num="3" count="1" type="stmt"/>
        <line num="9" count="1" type="stmt"/>
        <line num="16" count="1" type="stmt"/>
        <line num="17" count="24" type="stmt"/>
        <line num="20" count="24" type="stmt"/>
        <line num="23" count="24" type="stmt"/>
        <line num="24" count="240" type="stmt"/>
        <line num="25" count="240" type="stmt"/>
        <line num="29" count="24" type="stmt"/>
        <line num="30" count="150" type="stmt"/>
        <line num="38" count="1" type="cond" truecount="0" falsecount="1"/>
        <line num="39" count="48" type="stmt"/>
        <line num="40" count="48" type="stmt"/>
        <line num="41" count="48" type="stmt"/>
        <line num="50" count="1" type="stmt"/>
        <line num="54" count="24" type="cond" truecount="2" falsecount="0"/>
        <line num="55" count="20" type="stmt"/>
        <line num="57" count="4" type="stmt"/>
        <line num="61" count="24" type="cond" truecount="1" falsecount="1"/>
        <line num="62" count="0" type="stmt"/>
        <line num="63" count="0" type="stmt"/>
        <line num="65" count="24" type="stmt"/>
        <line num="66" count="24" type="stmt"/>
        <line num="69" count="24" type="stmt"/>
        <line num="72" count="1" type="stmt"/>
        <line num="74" count="1" type="stmt"/>
        <line num="79" count="1" type="stmt"/>
        <line num="80" count="1" type="stmt"/>
        <line num="81" count="0" type="stmt"/>
        <line num="83" count="0" type="stmt"/>
        <line num="84" count="0" type="stmt"/>
        <line num="86" count="0" type="cond" truecount="0" falsecount="4"/>
        <line num="87" count="0" type="stmt"/>
        <line num="88" count="0" type="stmt"/>
        <line num="91" count="0" type="stmt"/>
        <line num="92" count="0" type="stmt"/>
        <line num="93" count="0" type="stmt"/>
        <line num="100" count="1" type="stmt"/>
        <line num="102" count="1" type="stmt"/>
      </file>
    </package>
  </project>
</coverage>
