{"/Users/trungnh/personal-stuff/code/chatbot-nursery/configurations.js": {"path":"/Users/trungnh/personal-stuff/code/chatbot-nursery/configurations.js","statementMap":{"0":{"start":{"line":2,"column":27},"end":{"line":17,"column":1}},"1":{"start":{"line":20,"column":16},"end":{"line":26,"column":1}},"2":{"start":{"line":28,"column":27},"end":{"line":39,"column":1}},"3":{"start":{"line":41,"column":0},"end":{"line":45,"column":2}}},"fnMap":{},"branchMap":{},"s":{"0":1,"1":1,"2":1,"3":1},"f":{},"b":{},"_coverageSchema":"1a1c01bbd47fc00a2c39e90264f33305004495a9","hash":"fb7530b69d20b9f7a96812f2b0268e9994d55512"}
,"/Users/trungnh/personal-stuff/code/chatbot-nursery/index.js": {"path":"/Users/trungnh/personal-stuff/code/chatbot-nursery/index.js","statementMap":{"0":{"start":{"line":1,"column":11},"end":{"line":1,"column":24}},"1":{"start":{"line":2,"column":17},"end":{"line":2,"column":36}},"2":{"start":{"line":3,"column":16},"end":{"line":3,"column":34}},"3":{"start":{"line":8,"column":4},"end":{"line":8,"column":34}},"4":{"start":{"line":15,"column":35},"end":{"line":30,"column":1}},"5":{"start":{"line":16,"column":20},"end":{"line":16,"column":47}},"6":{"start":{"line":19,"column":2},"end":{"line":19,"column":30}},"7":{"start":{"line":22,"column":2},"end":{"line":25,"column":5}},"8":{"start":{"line":23,"column":18},"end":{"line":23,"column":45}},"9":{"start":{"line":24,"column":4},"end":{"line":24,"column":45}},"10":{"start":{"line":28,"column":17},"end":{"line":28,"column":42}},"11":{"start":{"line":29,"column":2},"end":{"line":29,"column":66}},"12":{"start":{"line":29,"column":31},"end":{"line":29,"column":64}},"13":{"start":{"line":37,"column":19},"end":{"line":41,"column":1}},"14":{"start":{"line":38,"column":20},"end":{"line":38,"column":44}},"15":{"start":{"line":39,"column":19},"end":{"line":39,"column":59}},"16":{"start":{"line":40,"column":2},"end":{"line":40,"column":49}},"17":{"start":{"line":49,"column":24},"end":{"line":64,"column":1}},"18":{"start":{"line":53,"column":2},"end":{"line":57,"column":3}},"19":{"start":{"line":54,"column":4},"end":{"line":54,"column":31}},"20":{"start":{"line":56,"column":4},"end":{"line":56,"column":42}},"21":{"start":{"line":60,"column":2},"end":{"line":60,"column":39}},"22":{"start":{"line":61,"column":2},"end":{"line":61,"column":41}},"23":{"start":{"line":63,"column":2},"end":{"line":63,"column":18}},"24":{"start":{"line":66,"column":26},"end":{"line":91,"column":1}},"25":{"start":{"line":68,"column":21},"end":{"line":71,"column":4}},"26":{"start":{"line":73,"column":2},"end":{"line":73,"column":35}},"27":{"start":{"line":74,"column":2},"end":{"line":90,"column":5}},"28":{"start":{"line":75,"column":4},"end":{"line":75,"column":57}},"29":{"start":{"line":77,"column":4},"end":{"line":77,"column":24}},"30":{"start":{"line":78,"column":4},"end":{"line":89,"column":7}},"31":{"start":{"line":80,"column":6},"end":{"line":88,"column":7}},"32":{"start":{"line":81,"column":8},"end":{"line":81,"column":54}},"33":{"start":{"line":82,"column":8},"end":{"line":82,"column":27}},"34":{"start":{"line":85,"column":25},"end":{"line":85,"column":55}},"35":{"start":{"line":86,"column":8},"end":{"line":86,"column":30}},"36":{"start":{"line":87,"column":8},"end":{"line":87,"column":28}},"37":{"start":{"line":94,"column":0},"end":{"line":94,"column":20}},"38":{"start":{"line":96,"column":0},"end":{"line":98,"column":2}}},"fnMap":{"0":{"name":"(anonymous_0)","decl":{"start":{"line":15,"column":35},"end":{"line":15,"column":36}},"loc":{"start":{"line":15,"column":46},"end":{"line":30,"column":1}},"line":15},"1":{"name":"(anonymous_1)","decl":{"start":{"line":22,"column":29},"end":{"line":22,"column":30}},"loc":{"start":{"line":22,"column":42},"end":{"line":25,"column":3}},"line":22},"2":{"name":"(anonymous_2)","decl":{"start":{"line":29,"column":21},"end":{"line":29,"column":22}},"loc":{"start":{"line":29,"column":31},"end":{"line":29,"column":64}},"line":29},"3":{"name":"(anonymous_3)","decl":{"start":{"line":37,"column":19},"end":{"line":37,"column":20}},"loc":{"start":{"line":37,"column":40},"end":{"line":41,"column":1}},"line":37},"4":{"name":"(anonymous_4)","decl":{"start":{"line":49,"column":24},"end":{"line":49,"column":25}},"loc":{"start":{"line":49,"column":43},"end":{"line":64,"column":1}},"line":49},"5":{"name":"(anonymous_5)","decl":{"start":{"line":66,"column":26},"end":{"line":66,"column":27}},"loc":{"start":{"line":66,"column":32},"end":{"line":91,"column":1}},"line":66},"6":{"name":"(anonymous_6)","decl":{"start":{"line":74,"column":46},"end":{"line":74,"column":47}},"loc":{"start":{"line":74,"column":58},"end":{"line":90,"column":3}},"line":74},"7":{"name":"(anonymous_7)","decl":{"start":{"line":78,"column":26},"end":{"line":78,"column":27}},"loc":{"start":{"line":78,"column":37},"end":{"line":89,"column":5}},"line":78}},"branchMap":{"0":{"loc":{"start":{"line":53,"column":2},"end":{"line":57,"column":3}},"type":"if","locations":[{"start":{"line":53,"column":2},"end":{"line":57,"column":3}},{"start":{"line":55,"column":9},"end":{"line":57,"column":3}}],"line":53},"1":{"loc":{"start":{"line":80,"column":6},"end":{"line":88,"column":7}},"type":"if","locations":[{"start":{"line":80,"column":6},"end":{"line":88,"column":7}},{"start":{"line":83,"column":13},"end":{"line":88,"column":7}}],"line":80},"2":{"loc":{"start":{"line":80,"column":10},"end":{"line":80,"column":74}},"type":"binary-expr","locations":[{"start":{"line":80,"column":10},"end":{"line":80,"column":40}},{"start":{"line":80,"column":44},"end":{"line":80,"column":74}}],"line":80}},"s":{"0":1,"1":1,"2":1,"3":1,"4":1,"5":24,"6":24,"7":24,"8":240,"9":240,"10":24,"11":24,"12":150,"13":1,"14":48,"15":48,"16":48,"17":1,"18":24,"19":20,"20":4,"21":24,"22":24,"23":24,"24":1,"25":1,"26":1,"27":1,"28":0,"29":0,"30":0,"31":0,"32":0,"33":0,"34":0,"35":0,"36":0,"37":1,"38":1},"f":{"0":24,"1":240,"2":150,"3":48,"4":24,"5":1,"6":0,"7":0},"b":{"0":[20,4],"1":[0,0],"2":[0,0]},"_coverageSchema":"1a1c01bbd47fc00a2c39e90264f33305004495a9","hash":"c82381f652efcd6c10da8589cc7bff4144e38249"}
}
