{"/Users/trungnh/personal-stuff/code/chatbot-nursery/index.js": {"path":"/Users/trungnh/personal-stuff/code/chatbot-nursery/index.js","statementMap":{"0":{"start":{"line":1,"column":11},"end":{"line":1,"column":24}},"1":{"start":{"line":2,"column":17},"end":{"line":2,"column":36}},"2":{"start":{"line":3,"column":16},"end":{"line":3,"column":34}},"3":{"start":{"line":6,"column":27},"end":{"line":14,"column":1}},"4":{"start":{"line":17,"column":16},"end":{"line":23,"column":1}},"5":{"start":{"line":30,"column":35},"end":{"line":37,"column":1}},"6":{"start":{"line":31,"column":20},"end":{"line":31,"column":47}},"7":{"start":{"line":34,"column":17},"end":{"line":34,"column":77}},"8":{"start":{"line":35,"column":2},"end":{"line":35,"column":22}},"9":{"start":{"line":36,"column":2},"end":{"line":36,"column":66}},"10":{"start":{"line":36,"column":31},"end":{"line":36,"column":64}},"11":{"start":{"line":44,"column":19},"end":{"line":48,"column":1}},"12":{"start":{"line":45,"column":20},"end":{"line":45,"column":44}},"13":{"start":{"line":46,"column":19},"end":{"line":46,"column":59}},"14":{"start":{"line":47,"column":2},"end":{"line":47,"column":49}},"15":{"start":{"line":56,"column":24},"end":{"line":71,"column":1}},"16":{"start":{"line":60,"column":2},"end":{"line":64,"column":3}},"17":{"start":{"line":61,"column":4},"end":{"line":61,"column":31}},"18":{"start":{"line":63,"column":4},"end":{"line":63,"column":42}},"19":{"start":{"line":67,"column":2},"end":{"line":67,"column":39}},"20":{"start":{"line":68,"column":2},"end":{"line":68,"column":41}},"21":{"start":{"line":70,"column":2},"end":{"line":70,"column":18}},"22":{"start":{"line":73,"column":26},"end":{"line":98,"column":1}},"23":{"start":{"line":75,"column":21},"end":{"line":78,"column":4}},"24":{"start":{"line":80,"column":2},"end":{"line":80,"column":35}},"25":{"start":{"line":81,"column":2},"end":{"line":97,"column":5}},"26":{"start":{"line":82,"column":4},"end":{"line":82,"column":57}},"27":{"start":{"line":84,"column":4},"end":{"line":84,"column":24}},"28":{"start":{"line":85,"column":4},"end":{"line":96,"column":7}},"29":{"start":{"line":87,"column":6},"end":{"line":95,"column":7}},"30":{"start":{"line":88,"column":8},"end":{"line":88,"column":54}},"31":{"start":{"line":89,"column":8},"end":{"line":89,"column":27}},"32":{"start":{"line":92,"column":25},"end":{"line":92,"column":55}},"33":{"start":{"line":93,"column":8},"end":{"line":93,"column":30}},"34":{"start":{"line":94,"column":8},"end":{"line":94,"column":28}},"35":{"start":{"line":101,"column":0},"end":{"line":101,"column":20}},"36":{"start":{"line":103,"column":0},"end":{"line":107,"column":2}}},"fnMap":{"0":{"name":"(anonymous_0)","decl":{"start":{"line":30,"column":35},"end":{"line":30,"column":36}},"loc":{"start":{"line":30,"column":46},"end":{"line":37,"column":1}},"line":30},"1":{"name":"(anonymous_1)","decl":{"start":{"line":36,"column":21},"end":{"line":36,"column":22}},"loc":{"start":{"line":36,"column":31},"end":{"line":36,"column":64}},"line":36},"2":{"name":"(anonymous_2)","decl":{"start":{"line":44,"column":19},"end":{"line":44,"column":20}},"loc":{"start":{"line":44,"column":40},"end":{"line":48,"column":1}},"line":44},"3":{"name":"(anonymous_3)","decl":{"start":{"line":56,"column":24},"end":{"line":56,"column":25}},"loc":{"start":{"line":56,"column":43},"end":{"line":71,"column":1}},"line":56},"4":{"name":"(anonymous_4)","decl":{"start":{"line":73,"column":26},"end":{"line":73,"column":27}},"loc":{"start":{"line":73,"column":32},"end":{"line":98,"column":1}},"line":73},"5":{"name":"(anonymous_5)","decl":{"start":{"line":81,"column":46},"end":{"line":81,"column":47}},"loc":{"start":{"line":81,"column":58},"end":{"line":97,"column":3}},"line":81},"6":{"name":"(anonymous_6)","decl":{"start":{"line":85,"column":26},"end":{"line":85,"column":27}},"loc":{"start":{"line":85,"column":37},"end":{"line":96,"column":5}},"line":85}},"branchMap":{"0":{"loc":{"start":{"line":60,"column":2},"end":{"line":64,"column":3}},"type":"if","locations":[{"start":{"line":60,"column":2},"end":{"line":64,"column":3}},{"start":{"line":62,"column":9},"end":{"line":64,"column":3}}],"line":60},"1":{"loc":{"start":{"line":87,"column":6},"end":{"line":95,"column":7}},"type":"if","locations":[{"start":{"line":87,"column":6},"end":{"line":95,"column":7}},{"start":{"line":90,"column":13},"end":{"line":95,"column":7}}],"line":87},"2":{"loc":{"start":{"line":87,"column":10},"end":{"line":87,"column":74}},"type":"binary-expr","locations":[{"start":{"line":87,"column":10},"end":{"line":87,"column":40}},{"start":{"line":87,"column":44},"end":{"line":87,"column":74}}],"line":87}},"s":{"0":1,"1":1,"2":1,"3":1,"4":1,"5":1,"6":14,"7":14,"8":14,"9":14,"10":80,"11":1,"12":28,"13":28,"14":28,"15":1,"16":14,"17":10,"18":4,"19":14,"20":14,"21":14,"22":1,"23":1,"24":1,"25":1,"26":0,"27":0,"28":0,"29":0,"30":0,"31":0,"32":0,"33":0,"34":0,"35":1,"36":1},"f":{"0":14,"1":80,"2":28,"3":14,"4":1,"5":0,"6":0},"b":{"0":[10,4],"1":[0,0],"2":[0,0]},"_coverageSchema":"1a1c01bbd47fc00a2c39e90264f33305004495a9","hash":"0602a2233ececded7ba56664da2def3749eca789"}
}
