TN:
SF:config/configurations.js
FNF:0
FNH:0
DA:2,1
DA:20,1
DA:28,1
DA:41,1
DA:46,1
LF:5
LH:5
BRF:0
BRH:0
end_of_record
TN:
SF:src/index.js
FN:16,(anonymous_0)
FN:23,(anonymous_1)
FN:30,(anonymous_2)
FN:38,(anonymous_3)
FN:50,(anonymous_4)
FN:72,(anonymous_5)
FN:80,(anonymous_6)
FN:84,(anonymous_7)
FNF:8
FNH:6
FNDA:24,(anonymous_0)
FNDA:240,(anonymous_1)
FNDA:150,(anonymous_2)
FNDA:48,(anonymous_3)
FNDA:24,(anonymous_4)
FNDA:1,(anonymous_5)
FNDA:0,(anonymous_6)
FNDA:0,(anonymous_7)
DA:1,1
DA:2,1
DA:3,1
DA:9,1
DA:16,1
DA:17,24
DA:20,24
DA:23,24
DA:24,240
DA:25,240
DA:29,24
DA:30,150
DA:38,1
DA:39,48
DA:40,48
DA:41,48
DA:50,1
DA:54,24
DA:55,20
DA:57,4
DA:61,24
DA:62,0
DA:63,0
DA:65,24
DA:66,24
DA:69,24
DA:72,1
DA:74,1
DA:79,1
DA:80,1
DA:81,0
DA:83,0
DA:84,0
DA:86,0
DA:87,0
DA:88,0
DA:91,0
DA:92,0
DA:93,0
DA:100,1
DA:102,1
LF:41
LH:30
BRDA:38,0,0,0
BRDA:54,1,0,20
BRDA:54,1,1,4
BRDA:61,2,0,0
BRDA:61,2,1,24
BRDA:86,3,0,0
BRDA:86,3,1,0
BRDA:86,4,0,0
BRDA:86,4,1,0
BRF:9
BRH:3
end_of_record
