TN:
SF:configurations.js
FNF:0
FNH:0
DA:2,1
DA:20,1
DA:28,1
DA:41,1
LF:4
LH:4
BRF:0
BRH:0
end_of_record
TN:
SF:index.js
FN:15,(anonymous_0)
FN:22,(anonymous_1)
FN:29,(anonymous_2)
FN:37,(anonymous_3)
FN:49,(anonymous_4)
FN:66,(anonymous_5)
FN:74,(anonymous_6)
FN:78,(anonymous_7)
FNF:8
FNH:6
FNDA:24,(anonymous_0)
FNDA:240,(anonymous_1)
FNDA:150,(anonymous_2)
FNDA:48,(anonymous_3)
FNDA:24,(anonymous_4)
FNDA:1,(anonymous_5)
FNDA:0,(anonymous_6)
FNDA:0,(anonymous_7)
DA:1,1
DA:2,1
DA:3,1
DA:8,1
DA:15,1
DA:16,24
DA:19,24
DA:22,24
DA:23,240
DA:24,240
DA:28,24
DA:29,150
DA:37,1
DA:38,48
DA:39,48
DA:40,48
DA:49,1
DA:53,24
DA:54,20
DA:56,4
DA:60,24
DA:61,24
DA:63,24
DA:66,1
DA:68,1
DA:73,1
DA:74,1
DA:75,0
DA:77,0
DA:78,0
DA:80,0
DA:81,0
DA:82,0
DA:85,0
DA:86,0
DA:87,0
DA:94,1
DA:96,1
LF:38
LH:29
BRDA:53,0,0,20
BRDA:53,0,1,4
BRDA:80,1,0,0
BRDA:80,1,1,0
BRDA:80,2,0,0
BRDA:80,2,1,0
BRF:6
BRH:2
end_of_record
